<?xml version="1.0" encoding="UTF-8"?>
<testsuite xmlns:xsi="http://www.w3.org/2001/XMLSchema-instance" xsi:noNamespaceSchemaLocation="https://maven.apache.org/surefire/maven-surefire-plugin/xsd/surefire-test-report.xsd" name="APITest" time="2.101" tests="3" errors="0" skipped="0" failures="0">
  <properties>
    <property name="java.specification.version" value="15"/>
    <property name="sun.jnu.encoding" value="UTF-8"/>
    <property name="java.class.path" value="/Users/abdulmamadzhonov/Downloads/backend_test/target/test-classes:/Users/abdulmamadzhonov/Downloads/backend_test/target/classes:/Users/abdulmamadzhonov/.m2/repository/org/seleniumhq/selenium/selenium-java/4.0.0-rc-1/selenium-java-4.0.0-rc-1.jar:/Users/abdulmamadzhonov/.m2/repository/org/seleniumhq/selenium/selenium-api/4.0.0-rc-1/selenium-api-4.0.0-rc-1.jar:/Users/abdulmamadzhonov/.m2/repository/org/seleniumhq/selenium/selenium-chrome-driver/4.0.0-rc-1/selenium-chrome-driver-4.0.0-rc-1.jar:/Users/abdulmamadzhonov/.m2/repository/com/google/auto/service/auto-service-annotations/1.0/auto-service-annotations-1.0.jar:/Users/abdulmamadzhonov/.m2/repository/com/google/auto/service/auto-service/1.0/auto-service-1.0.jar:/Users/abdulmamadzhonov/.m2/repository/com/google/auto/auto-common/1.0/auto-common-1.0.jar:/Users/abdulmamadzhonov/.m2/repository/com/google/guava/guava/30.1.1-jre/guava-30.1.1-jre.jar:/Users/abdulmamadzhonov/.m2/repository/com/google/guava/failureaccess/1.0.1/failureaccess-1.0.1.jar:/Users/abdulmamadzhonov/.m2/repository/com/google/guava/listenablefuture/9999.0-empty-to-avoid-conflict-with-guava/listenablefuture-9999.0-empty-to-avoid-conflict-with-guava.jar:/Users/abdulmamadzhonov/.m2/repository/com/google/code/findbugs/jsr305/3.0.2/jsr305-3.0.2.jar:/Users/abdulmamadzhonov/.m2/repository/org/checkerframework/checker-qual/3.8.0/checker-qual-3.8.0.jar:/Users/abdulmamadzhonov/.m2/repository/com/google/errorprone/error_prone_annotations/2.5.1/error_prone_annotations-2.5.1.jar:/Users/abdulmamadzhonov/.m2/repository/com/google/j2objc/j2objc-annotations/1.3/j2objc-annotations-1.3.jar:/Users/abdulmamadzhonov/.m2/repository/org/seleniumhq/selenium/selenium-chromium-driver/4.0.0-rc-1/selenium-chromium-driver-4.0.0-rc-1.jar:/Users/abdulmamadzhonov/.m2/repository/org/seleniumhq/selenium/selenium-devtools/4.0.0-rc-1/selenium-devtools-4.0.0-rc-1.jar:/Users/abdulmamadzhonov/.m2/repository/org/seleniumhq/selenium/selenium-http/4.0.0-rc-1/selenium-http-4.0.0-rc-1.jar:/Users/abdulmamadzhonov/.m2/repository/org/seleniumhq/selenium/selenium-json/4.0.0-rc-1/selenium-json-4.0.0-rc-1.jar:/Users/abdulmamadzhonov/.m2/repository/org/seleniumhq/selenium/selenium-devtools-v85/4.0.0-rc-1/selenium-devtools-v85-4.0.0-rc-1.jar:/Users/abdulmamadzhonov/.m2/repository/org/seleniumhq/selenium/selenium-devtools-v92/4.0.0-rc-1/selenium-devtools-v92-4.0.0-rc-1.jar:/Users/abdulmamadzhonov/.m2/repository/org/seleniumhq/selenium/selenium-devtools-v93/4.0.0-rc-1/selenium-devtools-v93-4.0.0-rc-1.jar:/Users/abdulmamadzhonov/.m2/repository/org/seleniumhq/selenium/selenium-edge-driver/4.0.0-rc-1/selenium-edge-driver-4.0.0-rc-1.jar:/Users/abdulmamadzhonov/.m2/repository/org/seleniumhq/selenium/selenium-firefox-driver/4.0.0-rc-1/selenium-firefox-driver-4.0.0-rc-1.jar:/Users/abdulmamadzhonov/.m2/repository/org/seleniumhq/selenium/selenium-firefox-xpi-driver/4.0.0-rc-1/selenium-firefox-xpi-driver-4.0.0-rc-1.jar:/Users/abdulmamadzhonov/.m2/repository/org/seleniumhq/selenium/selenium-ie-driver/4.0.0-rc-1/selenium-ie-driver-4.0.0-rc-1.jar:/Users/abdulmamadzhonov/.m2/repository/org/seleniumhq/selenium/selenium-opera-driver/4.0.0-rc-1/selenium-opera-driver-4.0.0-rc-1.jar:/Users/abdulmamadzhonov/.m2/repository/org/seleniumhq/selenium/selenium-remote-driver/4.0.0-rc-1/selenium-remote-driver-4.0.0-rc-1.jar:/Users/abdulmamadzhonov/.m2/repository/io/netty/netty-buffer/4.1.67.Final/netty-buffer-4.1.67.Final.jar:/Users/abdulmamadzhonov/.m2/repository/io/netty/netty-codec-http/4.1.67.Final/netty-codec-http-4.1.67.Final.jar:/Users/abdulmamadzhonov/.m2/repository/io/netty/netty-codec/4.1.67.Final/netty-codec-4.1.67.Final.jar:/Users/abdulmamadzhonov/.m2/repository/io/netty/netty-handler/4.1.67.Final/netty-handler-4.1.67.Final.jar:/Users/abdulmamadzhonov/.m2/repository/io/netty/netty-common/4.1.67.Final/netty-common-4.1.67.Final.jar:/Users/abdulmamadzhonov/.m2/repository/io/netty/netty-transport-native-epoll/4.1.67.Final/netty-transport-native-epoll-4.1.67.Final.jar:/Users/abdulmamadzhonov/.m2/repository/io/netty/netty-transport-native-kqueue/4.1.67.Final/netty-transport-native-kqueue-4.1.67.Final.jar:/Users/abdulmamadzhonov/.m2/repository/io/netty/netty-transport-native-unix-common/4.1.67.Final/netty-transport-native-unix-common-4.1.67.Final.jar:/Users/abdulmamadzhonov/.m2/repository/io/netty/netty-transport/4.1.67.Final/netty-transport-4.1.67.Final.jar:/Users/abdulmamadzhonov/.m2/repository/io/netty/netty-resolver/4.1.67.Final/netty-resolver-4.1.67.Final.jar:/Users/abdulmamadzhonov/.m2/repository/io/opentelemetry/opentelemetry-api/1.5.0/opentelemetry-api-1.5.0.jar:/Users/abdulmamadzhonov/.m2/repository/io/opentelemetry/opentelemetry-context/1.5.0/opentelemetry-context-1.5.0.jar:/Users/abdulmamadzhonov/.m2/repository/io/opentelemetry/opentelemetry-exporter-logging/1.5.0/opentelemetry-exporter-logging-1.5.0.jar:/Users/abdulmamadzhonov/.m2/repository/io/opentelemetry/opentelemetry-sdk-metrics/1.5.0-alpha/opentelemetry-sdk-metrics-1.5.0-alpha.jar:/Users/abdulmamadzhonov/.m2/repository/io/opentelemetry/opentelemetry-sdk-common/1.5.0/opentelemetry-sdk-common-1.5.0.jar:/Users/abdulmamadzhonov/.m2/repository/io/opentelemetry/opentelemetry-sdk-extension-autoconfigure/1.5.0-alpha/opentelemetry-sdk-extension-autoconfigure-1.5.0-alpha.jar:/Users/abdulmamadzhonov/.m2/repository/io/opentelemetry/opentelemetry-sdk-trace/1.5.0/opentelemetry-sdk-trace-1.5.0.jar:/Users/abdulmamadzhonov/.m2/repository/io/opentelemetry/opentelemetry-api-metrics/1.5.0-alpha/opentelemetry-api-metrics-1.5.0-alpha.jar:/Users/abdulmamadzhonov/.m2/repository/io/opentelemetry/opentelemetry-sdk/1.5.0/opentelemetry-sdk-1.5.0.jar:/Users/abdulmamadzhonov/.m2/repository/io/opentelemetry/opentelemetry-semconv/1.5.0-alpha/opentelemetry-semconv-1.5.0-alpha.jar:/Users/abdulmamadzhonov/.m2/repository/io/ous/jtoml/2.0.0/jtoml-2.0.0.jar:/Users/abdulmamadzhonov/.m2/repository/net/bytebuddy/byte-buddy/1.11.13/byte-buddy-1.11.13.jar:/Users/abdulmamadzhonov/.m2/repository/org/apache/commons/commons-exec/1.3/commons-exec-1.3.jar:/Users/abdulmamadzhonov/.m2/repository/org/asynchttpclient/async-http-client/2.12.3/async-http-client-2.12.3.jar:/Users/abdulmamadzhonov/.m2/repository/org/asynchttpclient/async-http-client-netty-utils/2.12.3/async-http-client-netty-utils-2.12.3.jar:/Users/abdulmamadzhonov/.m2/repository/io/netty/netty-codec-socks/4.1.60.Final/netty-codec-socks-4.1.60.Final.jar:/Users/abdulmamadzhonov/.m2/repository/io/netty/netty-handler-proxy/4.1.60.Final/netty-handler-proxy-4.1.60.Final.jar:/Users/abdulmamadzhonov/.m2/repository/io/netty/netty-transport-native-epoll/4.1.60.Final/netty-transport-native-epoll-4.1.60.Final-linux-x86_64.jar:/Users/abdulmamadzhonov/.m2/repository/io/netty/netty-transport-native-kqueue/4.1.60.Final/netty-transport-native-kqueue-4.1.60.Final-osx-x86_64.jar:/Users/abdulmamadzhonov/.m2/repository/org/reactivestreams/reactive-streams/1.0.3/reactive-streams-1.0.3.jar:/Users/abdulmamadzhonov/.m2/repository/com/typesafe/netty/netty-reactive-streams/2.0.4/netty-reactive-streams-2.0.4.jar:/Users/abdulmamadzhonov/.m2/repository/org/slf4j/slf4j-api/1.7.30/slf4j-api-1.7.30.jar:/Users/abdulmamadzhonov/.m2/repository/com/sun/activation/jakarta.activation/1.2.2/jakarta.activation-1.2.2.jar:/Users/abdulmamadzhonov/.m2/repository/org/seleniumhq/selenium/selenium-safari-driver/4.0.0-rc-1/selenium-safari-driver-4.0.0-rc-1.jar:/Users/abdulmamadzhonov/.m2/repository/org/seleniumhq/selenium/selenium-support/4.0.0-rc-1/selenium-support-4.0.0-rc-1.jar:/Users/abdulmamadzhonov/.m2/repository/org/junit/jupiter/junit-jupiter-api/5.4.2/junit-jupiter-api-5.4.2.jar:/Users/abdulmamadzhonov/.m2/repository/org/apiguardian/apiguardian-api/1.0.0/apiguardian-api-1.0.0.jar:/Users/abdulmamadzhonov/.m2/repository/org/opentest4j/opentest4j/1.1.1/opentest4j-1.1.1.jar:/Users/abdulmamadzhonov/.m2/repository/org/junit/platform/junit-platform-commons/1.4.2/junit-platform-commons-1.4.2.jar:/Users/abdulmamadzhonov/.m2/repository/org/junit/jupiter/junit-jupiter-engine/5.4.2/junit-jupiter-engine-5.4.2.jar:/Users/abdulmamadzhonov/.m2/repository/org/junit/platform/junit-platform-engine/1.4.2/junit-platform-engine-1.4.2.jar:/Users/abdulmamadzhonov/.m2/repository/junit/junit/4.13.1/junit-4.13.1.jar:/Users/abdulmamadzhonov/.m2/repository/org/hamcrest/hamcrest-core/1.3/hamcrest-core-1.3.jar:/Users/abdulmamadzhonov/.m2/repository/org/testng/testng/7.3.0/testng-7.3.0.jar:/Users/abdulmamadzhonov/.m2/repository/com/beust/jcommander/1.78/jcommander-1.78.jar:/Users/abdulmamadzhonov/.m2/repository/org/apache/ant/ant/1.10.3/ant-1.10.3.jar:/Users/abdulmamadzhonov/.m2/repository/org/apache/ant/ant-launcher/1.10.3/ant-launcher-1.10.3.jar:/Users/abdulmamadzhonov/.m2/repository/com/google/inject/guice/4.2.2/guice-4.2.2-no_aop.jar:/Users/abdulmamadzhonov/.m2/repository/javax/inject/javax.inject/1/javax.inject-1.jar:/Users/abdulmamadzhonov/.m2/repository/aopalliance/aopalliance/1.0/aopalliance-1.0.jar:/Users/abdulmamadzhonov/.m2/repository/org/yaml/snakeyaml/1.21/snakeyaml-1.21.jar:/Users/abdulmamadzhonov/.m2/repository/io/rest-assured/rest-assured/4.3.3/rest-assured-4.3.3.jar:/Users/abdulmamadzhonov/.m2/repository/org/codehaus/groovy/groovy/3.0.7/groovy-3.0.7.jar:/Users/abdulmamadzhonov/.m2/repository/org/codehaus/groovy/groovy-xml/3.0.7/groovy-xml-3.0.7.jar:/Users/abdulmamadzhonov/.m2/repository/org/apache/httpcomponents/httpclient/4.5.3/httpclient-4.5.3.jar:/Users/abdulmamadzhonov/.m2/repository/org/apache/httpcomponents/httpcore/4.4.6/httpcore-4.4.6.jar:/Users/abdulmamadzhonov/.m2/repository/commons-logging/commons-logging/1.2/commons-logging-1.2.jar:/Users/abdulmamadzhonov/.m2/repository/commons-codec/commons-codec/1.9/commons-codec-1.9.jar:/Users/abdulmamadzhonov/.m2/repository/org/apache/httpcomponents/httpmime/4.5.3/httpmime-4.5.3.jar:/Users/abdulmamadzhonov/.m2/repository/org/hamcrest/hamcrest/2.1/hamcrest-2.1.jar:/Users/abdulmamadzhonov/.m2/repository/org/ccil/cowan/tagsoup/tagsoup/1.2.1/tagsoup-1.2.1.jar:/Users/abdulmamadzhonov/.m2/repository/io/rest-assured/json-path/4.3.3/json-path-4.3.3.jar:/Users/abdulmamadzhonov/.m2/repository/org/codehaus/groovy/groovy-json/3.0.7/groovy-json-3.0.7.jar:/Users/abdulmamadzhonov/.m2/repository/io/rest-assured/rest-assured-common/4.3.3/rest-assured-common-4.3.3.jar:/Users/abdulmamadzhonov/.m2/repository/io/rest-assured/xml-path/4.3.3/xml-path-4.3.3.jar:/Users/abdulmamadzhonov/.m2/repository/org/apache/commons/commons-lang3/3.11/commons-lang3-3.11.jar:/Users/abdulmamadzhonov/.m2/repository/jakarta/xml/bind/jakarta.xml.bind-api/2.3.3/jakarta.xml.bind-api-2.3.3.jar:/Users/abdulmamadzhonov/.m2/repository/jakarta/activation/jakarta.activation-api/1.2.2/jakarta.activation-api-1.2.2.jar:/Users/abdulmamadzhonov/.m2/repository/com/sun/xml/bind/jaxb-impl/2.3.3/jaxb-impl-2.3.3.jar:/Users/abdulmamadzhonov/.m2/repository/org/apache/maven/surefire/surefire-testng-utils/2.22.0/surefire-testng-utils-2.22.0.jar:/Users/abdulmamadzhonov/.m2/repository/org/apache/maven/surefire/surefire-grouper/2.22.0/surefire-grouper-2.22.0.jar:"/>
    <property name="java.vm.vendor" value="Oracle Corporation"/>
    <property name="sun.arch.data.model" value="64"/>
    <property name="java.vendor.url" value="https://openjdk.java.net/"/>
    <property name="os.name" value="Mac OS X"/>
    <property name="java.vm.specification.version" value="15"/>
    <property name="sun.java.launcher" value="SUN_STANDARD"/>
    <property name="user.country" value="US"/>
    <property name="sun.boot.library.path" value="/usr/local/Cellar/openjdk/15.0.1/libexec/openjdk.jdk/Contents/Home/lib"/>
    <property name="sun.java.command" value="/Users/abdulmamadzhonov/Downloads/backend_test/target/surefire/surefirebooter11663927387726461241.jar /Users/abdulmamadzhonov/Downloads/backend_test/target/surefire 2021-10-11T11-37-38_127-jvmRun1 surefire10832137595177560900tmp surefire_011987321738654271927tmp"/>
    <property name="http.nonProxyHosts" value="local|*.local|169.254/16|*.169.254/16"/>
    <property name="jdk.debug" value="release"/>
    <property name="surefire.test.class.path" value="/Users/abdulmamadzhonov/Downloads/backend_test/target/test-classes:/Users/abdulmamadzhonov/Downloads/backend_test/target/classes:/Users/abdulmamadzhonov/.m2/repository/org/seleniumhq/selenium/selenium-java/4.0.0-rc-1/selenium-java-4.0.0-rc-1.jar:/Users/abdulmamadzhonov/.m2/repository/org/seleniumhq/selenium/selenium-api/4.0.0-rc-1/selenium-api-4.0.0-rc-1.jar:/Users/abdulmamadzhonov/.m2/repository/org/seleniumhq/selenium/selenium-chrome-driver/4.0.0-rc-1/selenium-chrome-driver-4.0.0-rc-1.jar:/Users/abdulmamadzhonov/.m2/repository/com/google/auto/service/auto-service-annotations/1.0/auto-service-annotations-1.0.jar:/Users/abdulmamadzhonov/.m2/repository/com/google/auto/service/auto-service/1.0/auto-service-1.0.jar:/Users/abdulmamadzhonov/.m2/repository/com/google/auto/auto-common/1.0/auto-common-1.0.jar:/Users/abdulmamadzhonov/.m2/repository/com/google/guava/guava/30.1.1-jre/guava-30.1.1-jre.jar:/Users/abdulmamadzhonov/.m2/repository/com/google/guava/failureaccess/1.0.1/failureaccess-1.0.1.jar:/Users/abdulmamadzhonov/.m2/repository/com/google/guava/listenablefuture/9999.0-empty-to-avoid-conflict-with-guava/listenablefuture-9999.0-empty-to-avoid-conflict-with-guava.jar:/Users/abdulmamadzhonov/.m2/repository/com/google/code/findbugs/jsr305/3.0.2/jsr305-3.0.2.jar:/Users/abdulmamadzhonov/.m2/repository/org/checkerframework/checker-qual/3.8.0/checker-qual-3.8.0.jar:/Users/abdulmamadzhonov/.m2/repository/com/google/errorprone/error_prone_annotations/2.5.1/error_prone_annotations-2.5.1.jar:/Users/abdulmamadzhonov/.m2/repository/com/google/j2objc/j2objc-annotations/1.3/j2objc-annotations-1.3.jar:/Users/abdulmamadzhonov/.m2/repository/org/seleniumhq/selenium/selenium-chromium-driver/4.0.0-rc-1/selenium-chromium-driver-4.0.0-rc-1.jar:/Users/abdulmamadzhonov/.m2/repository/org/seleniumhq/selenium/selenium-devtools/4.0.0-rc-1/selenium-devtools-4.0.0-rc-1.jar:/Users/abdulmamadzhonov/.m2/repository/org/seleniumhq/selenium/selenium-http/4.0.0-rc-1/selenium-http-4.0.0-rc-1.jar:/Users/abdulmamadzhonov/.m2/repository/org/seleniumhq/selenium/selenium-json/4.0.0-rc-1/selenium-json-4.0.0-rc-1.jar:/Users/abdulmamadzhonov/.m2/repository/org/seleniumhq/selenium/selenium-devtools-v85/4.0.0-rc-1/selenium-devtools-v85-4.0.0-rc-1.jar:/Users/abdulmamadzhonov/.m2/repository/org/seleniumhq/selenium/selenium-devtools-v92/4.0.0-rc-1/selenium-devtools-v92-4.0.0-rc-1.jar:/Users/abdulmamadzhonov/.m2/repository/org/seleniumhq/selenium/selenium-devtools-v93/4.0.0-rc-1/selenium-devtools-v93-4.0.0-rc-1.jar:/Users/abdulmamadzhonov/.m2/repository/org/seleniumhq/selenium/selenium-edge-driver/4.0.0-rc-1/selenium-edge-driver-4.0.0-rc-1.jar:/Users/abdulmamadzhonov/.m2/repository/org/seleniumhq/selenium/selenium-firefox-driver/4.0.0-rc-1/selenium-firefox-driver-4.0.0-rc-1.jar:/Users/abdulmamadzhonov/.m2/repository/org/seleniumhq/selenium/selenium-firefox-xpi-driver/4.0.0-rc-1/selenium-firefox-xpi-driver-4.0.0-rc-1.jar:/Users/abdulmamadzhonov/.m2/repository/org/seleniumhq/selenium/selenium-ie-driver/4.0.0-rc-1/selenium-ie-driver-4.0.0-rc-1.jar:/Users/abdulmamadzhonov/.m2/repository/org/seleniumhq/selenium/selenium-opera-driver/4.0.0-rc-1/selenium-opera-driver-4.0.0-rc-1.jar:/Users/abdulmamadzhonov/.m2/repository/org/seleniumhq/selenium/selenium-remote-driver/4.0.0-rc-1/selenium-remote-driver-4.0.0-rc-1.jar:/Users/abdulmamadzhonov/.m2/repository/io/netty/netty-buffer/4.1.67.Final/netty-buffer-4.1.67.Final.jar:/Users/abdulmamadzhonov/.m2/repository/io/netty/netty-codec-http/4.1.67.Final/netty-codec-http-4.1.67.Final.jar:/Users/abdulmamadzhonov/.m2/repository/io/netty/netty-codec/4.1.67.Final/netty-codec-4.1.67.Final.jar:/Users/abdulmamadzhonov/.m2/repository/io/netty/netty-handler/4.1.67.Final/netty-handler-4.1.67.Final.jar:/Users/abdulmamadzhonov/.m2/repository/io/netty/netty-common/4.1.67.Final/netty-common-4.1.67.Final.jar:/Users/abdulmamadzhonov/.m2/repository/io/netty/netty-transport-native-epoll/4.1.67.Final/netty-transport-native-epoll-4.1.67.Final.jar:/Users/abdulmamadzhonov/.m2/repository/io/netty/netty-transport-native-kqueue/4.1.67.Final/netty-transport-native-kqueue-4.1.67.Final.jar:/Users/abdulmamadzhonov/.m2/repository/io/netty/netty-transport-native-unix-common/4.1.67.Final/netty-transport-native-unix-common-4.1.67.Final.jar:/Users/abdulmamadzhonov/.m2/repository/io/netty/netty-transport/4.1.67.Final/netty-transport-4.1.67.Final.jar:/Users/abdulmamadzhonov/.m2/repository/io/netty/netty-resolver/4.1.67.Final/netty-resolver-4.1.67.Final.jar:/Users/abdulmamadzhonov/.m2/repository/io/opentelemetry/opentelemetry-api/1.5.0/opentelemetry-api-1.5.0.jar:/Users/abdulmamadzhonov/.m2/repository/io/opentelemetry/opentelemetry-context/1.5.0/opentelemetry-context-1.5.0.jar:/Users/abdulmamadzhonov/.m2/repository/io/opentelemetry/opentelemetry-exporter-logging/1.5.0/opentelemetry-exporter-logging-1.5.0.jar:/Users/abdulmamadzhonov/.m2/repository/io/opentelemetry/opentelemetry-sdk-metrics/1.5.0-alpha/opentelemetry-sdk-metrics-1.5.0-alpha.jar:/Users/abdulmamadzhonov/.m2/repository/io/opentelemetry/opentelemetry-sdk-common/1.5.0/opentelemetry-sdk-common-1.5.0.jar:/Users/abdulmamadzhonov/.m2/repository/io/opentelemetry/opentelemetry-sdk-extension-autoconfigure/1.5.0-alpha/opentelemetry-sdk-extension-autoconfigure-1.5.0-alpha.jar:/Users/abdulmamadzhonov/.m2/repository/io/opentelemetry/opentelemetry-sdk-trace/1.5.0/opentelemetry-sdk-trace-1.5.0.jar:/Users/abdulmamadzhonov/.m2/repository/io/opentelemetry/opentelemetry-api-metrics/1.5.0-alpha/opentelemetry-api-metrics-1.5.0-alpha.jar:/Users/abdulmamadzhonov/.m2/repository/io/opentelemetry/opentelemetry-sdk/1.5.0/opentelemetry-sdk-1.5.0.jar:/Users/abdulmamadzhonov/.m2/repository/io/opentelemetry/opentelemetry-semconv/1.5.0-alpha/opentelemetry-semconv-1.5.0-alpha.jar:/Users/abdulmamadzhonov/.m2/repository/io/ous/jtoml/2.0.0/jtoml-2.0.0.jar:/Users/abdulmamadzhonov/.m2/repository/net/bytebuddy/byte-buddy/1.11.13/byte-buddy-1.11.13.jar:/Users/abdulmamadzhonov/.m2/repository/org/apache/commons/commons-exec/1.3/commons-exec-1.3.jar:/Users/abdulmamadzhonov/.m2/repository/org/asynchttpclient/async-http-client/2.12.3/async-http-client-2.12.3.jar:/Users/abdulmamadzhonov/.m2/repository/org/asynchttpclient/async-http-client-netty-utils/2.12.3/async-http-client-netty-utils-2.12.3.jar:/Users/abdulmamadzhonov/.m2/repository/io/netty/netty-codec-socks/4.1.60.Final/netty-codec-socks-4.1.60.Final.jar:/Users/abdulmamadzhonov/.m2/repository/io/netty/netty-handler-proxy/4.1.60.Final/netty-handler-proxy-4.1.60.Final.jar:/Users/abdulmamadzhonov/.m2/repository/io/netty/netty-transport-native-epoll/4.1.60.Final/netty-transport-native-epoll-4.1.60.Final-linux-x86_64.jar:/Users/abdulmamadzhonov/.m2/repository/io/netty/netty-transport-native-kqueue/4.1.60.Final/netty-transport-native-kqueue-4.1.60.Final-osx-x86_64.jar:/Users/abdulmamadzhonov/.m2/repository/org/reactivestreams/reactive-streams/1.0.3/reactive-streams-1.0.3.jar:/Users/abdulmamadzhonov/.m2/repository/com/typesafe/netty/netty-reactive-streams/2.0.4/netty-reactive-streams-2.0.4.jar:/Users/abdulmamadzhonov/.m2/repository/org/slf4j/slf4j-api/1.7.30/slf4j-api-1.7.30.jar:/Users/abdulmamadzhonov/.m2/repository/com/sun/activation/jakarta.activation/1.2.2/jakarta.activation-1.2.2.jar:/Users/abdulmamadzhonov/.m2/repository/org/seleniumhq/selenium/selenium-safari-driver/4.0.0-rc-1/selenium-safari-driver-4.0.0-rc-1.jar:/Users/abdulmamadzhonov/.m2/repository/org/seleniumhq/selenium/selenium-support/4.0.0-rc-1/selenium-support-4.0.0-rc-1.jar:/Users/abdulmamadzhonov/.m2/repository/org/junit/jupiter/junit-jupiter-api/5.4.2/junit-jupiter-api-5.4.2.jar:/Users/abdulmamadzhonov/.m2/repository/org/apiguardian/apiguardian-api/1.0.0/apiguardian-api-1.0.0.jar:/Users/abdulmamadzhonov/.m2/repository/org/opentest4j/opentest4j/1.1.1/opentest4j-1.1.1.jar:/Users/abdulmamadzhonov/.m2/repository/org/junit/platform/junit-platform-commons/1.4.2/junit-platform-commons-1.4.2.jar:/Users/abdulmamadzhonov/.m2/repository/org/junit/jupiter/junit-jupiter-engine/5.4.2/junit-jupiter-engine-5.4.2.jar:/Users/abdulmamadzhonov/.m2/repository/org/junit/platform/junit-platform-engine/1.4.2/junit-platform-engine-1.4.2.jar:/Users/abdulmamadzhonov/.m2/repository/junit/junit/4.13.1/junit-4.13.1.jar:/Users/abdulmamadzhonov/.m2/repository/org/hamcrest/hamcrest-core/1.3/hamcrest-core-1.3.jar:/Users/abdulmamadzhonov/.m2/repository/org/testng/testng/7.3.0/testng-7.3.0.jar:/Users/abdulmamadzhonov/.m2/repository/com/beust/jcommander/1.78/jcommander-1.78.jar:/Users/abdulmamadzhonov/.m2/repository/org/apache/ant/ant/1.10.3/ant-1.10.3.jar:/Users/abdulmamadzhonov/.m2/repository/org/apache/ant/ant-launcher/1.10.3/ant-launcher-1.10.3.jar:/Users/abdulmamadzhonov/.m2/repository/com/google/inject/guice/4.2.2/guice-4.2.2-no_aop.jar:/Users/abdulmamadzhonov/.m2/repository/javax/inject/javax.inject/1/javax.inject-1.jar:/Users/abdulmamadzhonov/.m2/repository/aopalliance/aopalliance/1.0/aopalliance-1.0.jar:/Users/abdulmamadzhonov/.m2/repository/org/yaml/snakeyaml/1.21/snakeyaml-1.21.jar:/Users/abdulmamadzhonov/.m2/repository/io/rest-assured/rest-assured/4.3.3/rest-assured-4.3.3.jar:/Users/abdulmamadzhonov/.m2/repository/org/codehaus/groovy/groovy/3.0.7/groovy-3.0.7.jar:/Users/abdulmamadzhonov/.m2/repository/org/codehaus/groovy/groovy-xml/3.0.7/groovy-xml-3.0.7.jar:/Users/abdulmamadzhonov/.m2/repository/org/apache/httpcomponents/httpclient/4.5.3/httpclient-4.5.3.jar:/Users/abdulmamadzhonov/.m2/repository/org/apache/httpcomponents/httpcore/4.4.6/httpcore-4.4.6.jar:/Users/abdulmamadzhonov/.m2/repository/commons-logging/commons-logging/1.2/commons-logging-1.2.jar:/Users/abdulmamadzhonov/.m2/repository/commons-codec/commons-codec/1.9/commons-codec-1.9.jar:/Users/abdulmamadzhonov/.m2/repository/org/apache/httpcomponents/httpmime/4.5.3/httpmime-4.5.3.jar:/Users/abdulmamadzhonov/.m2/repository/org/hamcrest/hamcrest/2.1/hamcrest-2.1.jar:/Users/abdulmamadzhonov/.m2/repository/org/ccil/cowan/tagsoup/tagsoup/1.2.1/tagsoup-1.2.1.jar:/Users/abdulmamadzhonov/.m2/repository/io/rest-assured/json-path/4.3.3/json-path-4.3.3.jar:/Users/abdulmamadzhonov/.m2/repository/org/codehaus/groovy/groovy-json/3.0.7/groovy-json-3.0.7.jar:/Users/abdulmamadzhonov/.m2/repository/io/rest-assured/rest-assured-common/4.3.3/rest-assured-common-4.3.3.jar:/Users/abdulmamadzhonov/.m2/repository/io/rest-assured/xml-path/4.3.3/xml-path-4.3.3.jar:/Users/abdulmamadzhonov/.m2/repository/org/apache/commons/commons-lang3/3.11/commons-lang3-3.11.jar:/Users/abdulmamadzhonov/.m2/repository/jakarta/xml/bind/jakarta.xml.bind-api/2.3.3/jakarta.xml.bind-api-2.3.3.jar:/Users/abdulmamadzhonov/.m2/repository/jakarta/activation/jakarta.activation-api/1.2.2/jakarta.activation-api-1.2.2.jar:/Users/abdulmamadzhonov/.m2/repository/com/sun/xml/bind/jaxb-impl/2.3.3/jaxb-impl-2.3.3.jar:/Users/abdulmamadzhonov/.m2/repository/org/apache/maven/surefire/surefire-testng-utils/2.22.0/surefire-testng-utils-2.22.0.jar:/Users/abdulmamadzhonov/.m2/repository/org/apache/maven/surefire/surefire-grouper/2.22.0/surefire-grouper-2.22.0.jar:"/>
    <property name="sun.cpu.endian" value="little"/>
    <property name="user.home" value="/Users/abdulmamadzhonov"/>
    <property name="user.language" value="en"/>
    <property name="java.specification.vendor" value="Oracle Corporation"/>
    <property name="java.version.date" value="2020-10-20"/>
    <property name="java.home" value="/usr/local/Cellar/openjdk/15.0.1/libexec/openjdk.jdk/Contents/Home"/>
    <property name="file.separator" value="/"/>
    <property name="basedir" value="/Users/abdulmamadzhonov/Downloads/backend_test"/>
    <property name="java.vm.compressedOopsMode" value="Zero based"/>
    <property name="line.separator" value="&#10;"/>
    <property name="java.specification.name" value="Java Platform API Specification"/>
    <property name="java.vm.specification.vendor" value="Oracle Corporation"/>
    <property name="surefire.real.class.path" value="/Users/abdulmamadzhonov/Downloads/backend_test/target/surefire/surefirebooter11663927387726461241.jar"/>
    <property name="sun.management.compiler" value="HotSpot 64-Bit Tiered Compilers"/>
    <property name="ftp.nonProxyHosts" value="local|*.local|169.254/16|*.169.254/16"/>
    <property name="java.runtime.version" value="15.0.1+9"/>
    <property name="user.name" value="abdulmamadzhonov"/>
    <property name="path.separator" value=":"/>
    <property name="os.version" value="10.16"/>
    <property name="java.runtime.name" value="OpenJDK Runtime Environment"/>
    <property name="file.encoding" value="UTF-8"/>
    <property name="java.vm.name" value="OpenJDK 64-Bit Server VM"/>
    <property name="localRepository" value="/Users/abdulmamadzhonov/.m2/repository"/>
    <property name="java.vendor.url.bug" value="https://bugreport.java.com/bugreport/"/>
    <property name="java.io.tmpdir" value="/var/folders/8w/2jrpy8qn53z2s95rlcwbjv8r0000gp/T/"/>
    <property name="java.version" value="15.0.1"/>
    <property name="user.dir" value="/Users/abdulmamadzhonov/Downloads/backend_test"/>
    <property name="os.arch" value="x86_64"/>
    <property name="java.vm.specification.name" value="Java Virtual Machine Specification"/>
    <property name="java.library.path" value="/Users/abdulmamadzhonov/Library/Java/Extensions:/Library/Java/Extensions:/Network/Library/Java/Extensions:/System/Library/Java/Extensions:/usr/lib/java:."/>
    <property name="java.vm.info" value="mixed mode, sharing"/>
    <property name="java.vendor" value="N/A"/>
    <property name="java.vm.version" value="15.0.1+9"/>
    <property name="sun.io.unicode.encoding" value="UnicodeBig"/>
    <property name="socksNonProxyHosts" value="local|*.local|169.254/16|*.169.254/16"/>
    <property name="java.class.version" value="59.0"/>
  </properties>
  <testcase name="verifyNameAttributeCorrespondsToTheEnteredCityName on verifyNameAttributeCorrespondsToTheEnteredCityName(APITest)" classname="APITest" time="1.181"/>
  <testcase name="userHitsTheURLByTheZipCode on userHitsTheURLByTheZipCode(APITest)" classname="APITest" time="0.492"/>
  <testcase name="verifyCoordLatAndCoordLonAttributesCorrespondToTheOnesEntered on verifyCoordLatAndCoordLonAttributesCorrespondToTheOnesEntered(APITest)" classname="APITest" time="0.201"/>
</testsuite>