<?xml version="1.0" encoding="UTF-8"?>
<!-- Generated by org.testng.reporters.JUnitReportReporter -->
<testsuite hostname="AMamadzstarsMBP" failures="0" tests="3" name="APITest" time="4.736" errors="0" timestamp="2021-10-11T11:37:40 EDT" skipped="0">
  <testcase classname="APITest" name="verifyCoordLatAndCoordLonAttributesCorrespondToTheOnesEntered" time="1.881"/>
  <system-out/>
  <testcase classname="APITest" name="verifyNameAttributeCorrespondsToTheEnteredCityName" time="1.176"/>
  <system-out/>
  <testcase classname="APITest" name="userHitsTheURLByTheZipCode" time="1.679"/>
  <system-out/>
</testsuite> <!-- APITest -->
